<?xml version="1.0" encoding="UTF-8"?>
<!-- Generated by org.testng.reporters.JUnitXMLReporter -->
<testsuite ignored="3" hostname="miracle-OptiPlex-3060" failures="0" tests="1" name="Default test" time="1.02" errors="0" timestamp="2021-08-29T20:01:27 EDT">
  <testcase classname="com.jpa.demo.JpAproject23ApplicationTests" name="contextLoads" time="1.001"/>
  <testcase classname="com.jpa.demo.JpAproject23ApplicationTests" name="TestforDelete" time="0.0">
    <ignored/>
  </testcase> <!-- TestforDelete -->
  <testcase classname="com.jpa.demo.JpAproject23ApplicationTests" name="TestforPost" time="0.0">
    <ignored/>
  </testcase> <!-- TestforPost -->
  <testcase classname="com.jpa.demo.JpAproject23ApplicationTests" name="TestforPut" time="0.0">
    <ignored/>
  </testcase> <!-- TestforPut -->
</testsuite> <!-- Default test -->
