<?xml version="1.0" encoding="UTF-8"?>
<testng-results ignored="3" total="4" passed="1" failed="0" skipped="0">
  <reporter-output>
  </reporter-output>
  <suite started-at="2021-08-29T20:01:26 EDT" name="Default suite" finished-at="2021-08-29T20:01:27 EDT" duration-ms="1020">
    <groups>
    </groups>
    <test started-at="2021-08-29T20:01:26 EDT" name="Default test" finished-at="2021-08-29T20:01:27 EDT" duration-ms="1020">
      <class name="com.jpa.demo.JpAproject23ApplicationTests">
        <test-method signature="contextLoads()[pri:0, instance:com.jpa.demo.JpAproject23ApplicationTests@5c909414]" started-at="2021-08-29T20:01:26 EDT" name="contextLoads" finished-at="2021-08-29T20:01:27 EDT" duration-ms="1001" status="PASS">
          <reporter-output>
          </reporter-output>
        </test-method> <!-- contextLoads -->
      </class> <!-- com.jpa.demo.JpAproject23ApplicationTests -->
    </test> <!-- Default test -->
  </suite> <!-- Default suite -->
</testng-results>
